Created by PLY version 3.10 (http://www.dabeaz.com/ply)

Grammar

Rule 0     S' -> expression
Rule 1     expression -> CAUSATIVE expression
Rule 2     expression -> PASSIVE expression
Rule 3     expression -> PERMISSIVE expression
Rule 4     expression -> TERMINAL expression
Rule 5     expression -> ASSUMPTION expression
Rule 6     expression -> PERFECT expression
Rule 7     expression -> FORMAL expression
Rule 8     expression -> NEGATION expression
Rule 9     expression -> DESCRIPTIVE expression
Rule 10    expression -> SUPPOSITION expression
Rule 11    expression -> MEIREI
Rule 12    expression -> FORMALNEG
Rule 13    expression -> empty
Rule 14    empty -> <empty>

Terminals, with rules where they appear

ASSUMPTION           : 5
CAUSATIVE            : 1
DESCRIPTIVE          : 9
FORMAL               : 7
FORMALNEG            : 12
MEIREI               : 11
NEGATION             : 8
PASSIVE              : 2
PERFECT              : 6
PERMISSIVE           : 3
SUPPOSITION          : 10
TERMINAL             : 4
error                : 

Nonterminals, with rules where they appear

empty                : 13
expression           : 1 2 3 4 5 6 7 8 9 10 0

Parsing method: LALR

state 0

    (0) S' -> . expression
    (1) expression -> . CAUSATIVE expression
    (2) expression -> . PASSIVE expression
    (3) expression -> . PERMISSIVE expression
    (4) expression -> . TERMINAL expression
    (5) expression -> . ASSUMPTION expression
    (6) expression -> . PERFECT expression
    (7) expression -> . FORMAL expression
    (8) expression -> . NEGATION expression
    (9) expression -> . DESCRIPTIVE expression
    (10) expression -> . SUPPOSITION expression
    (11) expression -> . MEIREI
    (12) expression -> . FORMALNEG
    (13) expression -> . empty
    (14) empty -> .

    CAUSATIVE       shift and go to state 12
    PASSIVE         shift and go to state 13
    PERMISSIVE      shift and go to state 8
    TERMINAL        shift and go to state 14
    ASSUMPTION      shift and go to state 11
    PERFECT         shift and go to state 10
    FORMAL          shift and go to state 9
    NEGATION        shift and go to state 3
    DESCRIPTIVE     shift and go to state 4
    SUPPOSITION     shift and go to state 6
    MEIREI          shift and go to state 5
    FORMALNEG       shift and go to state 2
    $end            reduce using rule 14 (empty -> .)

    empty                          shift and go to state 1
    expression                     shift and go to state 7

state 1

    (13) expression -> empty .

    $end            reduce using rule 13 (expression -> empty .)


state 2

    (12) expression -> FORMALNEG .

    $end            reduce using rule 12 (expression -> FORMALNEG .)


state 3

    (8) expression -> NEGATION . expression
    (1) expression -> . CAUSATIVE expression
    (2) expression -> . PASSIVE expression
    (3) expression -> . PERMISSIVE expression
    (4) expression -> . TERMINAL expression
    (5) expression -> . ASSUMPTION expression
    (6) expression -> . PERFECT expression
    (7) expression -> . FORMAL expression
    (8) expression -> . NEGATION expression
    (9) expression -> . DESCRIPTIVE expression
    (10) expression -> . SUPPOSITION expression
    (11) expression -> . MEIREI
    (12) expression -> . FORMALNEG
    (13) expression -> . empty
    (14) empty -> .

    CAUSATIVE       shift and go to state 12
    PASSIVE         shift and go to state 13
    PERMISSIVE      shift and go to state 8
    TERMINAL        shift and go to state 14
    ASSUMPTION      shift and go to state 11
    PERFECT         shift and go to state 10
    FORMAL          shift and go to state 9
    NEGATION        shift and go to state 3
    DESCRIPTIVE     shift and go to state 4
    SUPPOSITION     shift and go to state 6
    MEIREI          shift and go to state 5
    FORMALNEG       shift and go to state 2
    $end            reduce using rule 14 (empty -> .)

    empty                          shift and go to state 1
    expression                     shift and go to state 15

state 4

    (9) expression -> DESCRIPTIVE . expression
    (1) expression -> . CAUSATIVE expression
    (2) expression -> . PASSIVE expression
    (3) expression -> . PERMISSIVE expression
    (4) expression -> . TERMINAL expression
    (5) expression -> . ASSUMPTION expression
    (6) expression -> . PERFECT expression
    (7) expression -> . FORMAL expression
    (8) expression -> . NEGATION expression
    (9) expression -> . DESCRIPTIVE expression
    (10) expression -> . SUPPOSITION expression
    (11) expression -> . MEIREI
    (12) expression -> . FORMALNEG
    (13) expression -> . empty
    (14) empty -> .

    CAUSATIVE       shift and go to state 12
    PASSIVE         shift and go to state 13
    PERMISSIVE      shift and go to state 8
    TERMINAL        shift and go to state 14
    ASSUMPTION      shift and go to state 11
    PERFECT         shift and go to state 10
    FORMAL          shift and go to state 9
    NEGATION        shift and go to state 3
    DESCRIPTIVE     shift and go to state 4
    SUPPOSITION     shift and go to state 6
    MEIREI          shift and go to state 5
    FORMALNEG       shift and go to state 2
    $end            reduce using rule 14 (empty -> .)

    empty                          shift and go to state 1
    expression                     shift and go to state 16

state 5

    (11) expression -> MEIREI .

    $end            reduce using rule 11 (expression -> MEIREI .)


state 6

    (10) expression -> SUPPOSITION . expression
    (1) expression -> . CAUSATIVE expression
    (2) expression -> . PASSIVE expression
    (3) expression -> . PERMISSIVE expression
    (4) expression -> . TERMINAL expression
    (5) expression -> . ASSUMPTION expression
    (6) expression -> . PERFECT expression
    (7) expression -> . FORMAL expression
    (8) expression -> . NEGATION expression
    (9) expression -> . DESCRIPTIVE expression
    (10) expression -> . SUPPOSITION expression
    (11) expression -> . MEIREI
    (12) expression -> . FORMALNEG
    (13) expression -> . empty
    (14) empty -> .

    CAUSATIVE       shift and go to state 12
    PASSIVE         shift and go to state 13
    PERMISSIVE      shift and go to state 8
    TERMINAL        shift and go to state 14
    ASSUMPTION      shift and go to state 11
    PERFECT         shift and go to state 10
    FORMAL          shift and go to state 9
    NEGATION        shift and go to state 3
    DESCRIPTIVE     shift and go to state 4
    SUPPOSITION     shift and go to state 6
    MEIREI          shift and go to state 5
    FORMALNEG       shift and go to state 2
    $end            reduce using rule 14 (empty -> .)

    empty                          shift and go to state 1
    expression                     shift and go to state 17

state 7

    (0) S' -> expression .



state 8

    (3) expression -> PERMISSIVE . expression
    (1) expression -> . CAUSATIVE expression
    (2) expression -> . PASSIVE expression
    (3) expression -> . PERMISSIVE expression
    (4) expression -> . TERMINAL expression
    (5) expression -> . ASSUMPTION expression
    (6) expression -> . PERFECT expression
    (7) expression -> . FORMAL expression
    (8) expression -> . NEGATION expression
    (9) expression -> . DESCRIPTIVE expression
    (10) expression -> . SUPPOSITION expression
    (11) expression -> . MEIREI
    (12) expression -> . FORMALNEG
    (13) expression -> . empty
    (14) empty -> .

    CAUSATIVE       shift and go to state 12
    PASSIVE         shift and go to state 13
    PERMISSIVE      shift and go to state 8
    TERMINAL        shift and go to state 14
    ASSUMPTION      shift and go to state 11
    PERFECT         shift and go to state 10
    FORMAL          shift and go to state 9
    NEGATION        shift and go to state 3
    DESCRIPTIVE     shift and go to state 4
    SUPPOSITION     shift and go to state 6
    MEIREI          shift and go to state 5
    FORMALNEG       shift and go to state 2
    $end            reduce using rule 14 (empty -> .)

    empty                          shift and go to state 1
    expression                     shift and go to state 18

state 9

    (7) expression -> FORMAL . expression
    (1) expression -> . CAUSATIVE expression
    (2) expression -> . PASSIVE expression
    (3) expression -> . PERMISSIVE expression
    (4) expression -> . TERMINAL expression
    (5) expression -> . ASSUMPTION expression
    (6) expression -> . PERFECT expression
    (7) expression -> . FORMAL expression
    (8) expression -> . NEGATION expression
    (9) expression -> . DESCRIPTIVE expression
    (10) expression -> . SUPPOSITION expression
    (11) expression -> . MEIREI
    (12) expression -> . FORMALNEG
    (13) expression -> . empty
    (14) empty -> .

    CAUSATIVE       shift and go to state 12
    PASSIVE         shift and go to state 13
    PERMISSIVE      shift and go to state 8
    TERMINAL        shift and go to state 14
    ASSUMPTION      shift and go to state 11
    PERFECT         shift and go to state 10
    FORMAL          shift and go to state 9
    NEGATION        shift and go to state 3
    DESCRIPTIVE     shift and go to state 4
    SUPPOSITION     shift and go to state 6
    MEIREI          shift and go to state 5
    FORMALNEG       shift and go to state 2
    $end            reduce using rule 14 (empty -> .)

    empty                          shift and go to state 1
    expression                     shift and go to state 19

state 10

    (6) expression -> PERFECT . expression
    (1) expression -> . CAUSATIVE expression
    (2) expression -> . PASSIVE expression
    (3) expression -> . PERMISSIVE expression
    (4) expression -> . TERMINAL expression
    (5) expression -> . ASSUMPTION expression
    (6) expression -> . PERFECT expression
    (7) expression -> . FORMAL expression
    (8) expression -> . NEGATION expression
    (9) expression -> . DESCRIPTIVE expression
    (10) expression -> . SUPPOSITION expression
    (11) expression -> . MEIREI
    (12) expression -> . FORMALNEG
    (13) expression -> . empty
    (14) empty -> .

    CAUSATIVE       shift and go to state 12
    PASSIVE         shift and go to state 13
    PERMISSIVE      shift and go to state 8
    TERMINAL        shift and go to state 14
    ASSUMPTION      shift and go to state 11
    PERFECT         shift and go to state 10
    FORMAL          shift and go to state 9
    NEGATION        shift and go to state 3
    DESCRIPTIVE     shift and go to state 4
    SUPPOSITION     shift and go to state 6
    MEIREI          shift and go to state 5
    FORMALNEG       shift and go to state 2
    $end            reduce using rule 14 (empty -> .)

    empty                          shift and go to state 1
    expression                     shift and go to state 20

state 11

    (5) expression -> ASSUMPTION . expression
    (1) expression -> . CAUSATIVE expression
    (2) expression -> . PASSIVE expression
    (3) expression -> . PERMISSIVE expression
    (4) expression -> . TERMINAL expression
    (5) expression -> . ASSUMPTION expression
    (6) expression -> . PERFECT expression
    (7) expression -> . FORMAL expression
    (8) expression -> . NEGATION expression
    (9) expression -> . DESCRIPTIVE expression
    (10) expression -> . SUPPOSITION expression
    (11) expression -> . MEIREI
    (12) expression -> . FORMALNEG
    (13) expression -> . empty
    (14) empty -> .

    CAUSATIVE       shift and go to state 12
    PASSIVE         shift and go to state 13
    PERMISSIVE      shift and go to state 8
    TERMINAL        shift and go to state 14
    ASSUMPTION      shift and go to state 11
    PERFECT         shift and go to state 10
    FORMAL          shift and go to state 9
    NEGATION        shift and go to state 3
    DESCRIPTIVE     shift and go to state 4
    SUPPOSITION     shift and go to state 6
    MEIREI          shift and go to state 5
    FORMALNEG       shift and go to state 2
    $end            reduce using rule 14 (empty -> .)

    empty                          shift and go to state 1
    expression                     shift and go to state 21

state 12

    (1) expression -> CAUSATIVE . expression
    (1) expression -> . CAUSATIVE expression
    (2) expression -> . PASSIVE expression
    (3) expression -> . PERMISSIVE expression
    (4) expression -> . TERMINAL expression
    (5) expression -> . ASSUMPTION expression
    (6) expression -> . PERFECT expression
    (7) expression -> . FORMAL expression
    (8) expression -> . NEGATION expression
    (9) expression -> . DESCRIPTIVE expression
    (10) expression -> . SUPPOSITION expression
    (11) expression -> . MEIREI
    (12) expression -> . FORMALNEG
    (13) expression -> . empty
    (14) empty -> .

    CAUSATIVE       shift and go to state 12
    PASSIVE         shift and go to state 13
    PERMISSIVE      shift and go to state 8
    TERMINAL        shift and go to state 14
    ASSUMPTION      shift and go to state 11
    PERFECT         shift and go to state 10
    FORMAL          shift and go to state 9
    NEGATION        shift and go to state 3
    DESCRIPTIVE     shift and go to state 4
    SUPPOSITION     shift and go to state 6
    MEIREI          shift and go to state 5
    FORMALNEG       shift and go to state 2
    $end            reduce using rule 14 (empty -> .)

    empty                          shift and go to state 1
    expression                     shift and go to state 22

state 13

    (2) expression -> PASSIVE . expression
    (1) expression -> . CAUSATIVE expression
    (2) expression -> . PASSIVE expression
    (3) expression -> . PERMISSIVE expression
    (4) expression -> . TERMINAL expression
    (5) expression -> . ASSUMPTION expression
    (6) expression -> . PERFECT expression
    (7) expression -> . FORMAL expression
    (8) expression -> . NEGATION expression
    (9) expression -> . DESCRIPTIVE expression
    (10) expression -> . SUPPOSITION expression
    (11) expression -> . MEIREI
    (12) expression -> . FORMALNEG
    (13) expression -> . empty
    (14) empty -> .

    CAUSATIVE       shift and go to state 12
    PASSIVE         shift and go to state 13
    PERMISSIVE      shift and go to state 8
    TERMINAL        shift and go to state 14
    ASSUMPTION      shift and go to state 11
    PERFECT         shift and go to state 10
    FORMAL          shift and go to state 9
    NEGATION        shift and go to state 3
    DESCRIPTIVE     shift and go to state 4
    SUPPOSITION     shift and go to state 6
    MEIREI          shift and go to state 5
    FORMALNEG       shift and go to state 2
    $end            reduce using rule 14 (empty -> .)

    empty                          shift and go to state 1
    expression                     shift and go to state 23

state 14

    (4) expression -> TERMINAL . expression
    (1) expression -> . CAUSATIVE expression
    (2) expression -> . PASSIVE expression
    (3) expression -> . PERMISSIVE expression
    (4) expression -> . TERMINAL expression
    (5) expression -> . ASSUMPTION expression
    (6) expression -> . PERFECT expression
    (7) expression -> . FORMAL expression
    (8) expression -> . NEGATION expression
    (9) expression -> . DESCRIPTIVE expression
    (10) expression -> . SUPPOSITION expression
    (11) expression -> . MEIREI
    (12) expression -> . FORMALNEG
    (13) expression -> . empty
    (14) empty -> .

    CAUSATIVE       shift and go to state 12
    PASSIVE         shift and go to state 13
    PERMISSIVE      shift and go to state 8
    TERMINAL        shift and go to state 14
    ASSUMPTION      shift and go to state 11
    PERFECT         shift and go to state 10
    FORMAL          shift and go to state 9
    NEGATION        shift and go to state 3
    DESCRIPTIVE     shift and go to state 4
    SUPPOSITION     shift and go to state 6
    MEIREI          shift and go to state 5
    FORMALNEG       shift and go to state 2
    $end            reduce using rule 14 (empty -> .)

    empty                          shift and go to state 1
    expression                     shift and go to state 24

state 15

    (8) expression -> NEGATION expression .

    $end            reduce using rule 8 (expression -> NEGATION expression .)


state 16

    (9) expression -> DESCRIPTIVE expression .

    $end            reduce using rule 9 (expression -> DESCRIPTIVE expression .)


state 17

    (10) expression -> SUPPOSITION expression .

    $end            reduce using rule 10 (expression -> SUPPOSITION expression .)


state 18

    (3) expression -> PERMISSIVE expression .

    $end            reduce using rule 3 (expression -> PERMISSIVE expression .)


state 19

    (7) expression -> FORMAL expression .

    $end            reduce using rule 7 (expression -> FORMAL expression .)


state 20

    (6) expression -> PERFECT expression .

    $end            reduce using rule 6 (expression -> PERFECT expression .)


state 21

    (5) expression -> ASSUMPTION expression .

    $end            reduce using rule 5 (expression -> ASSUMPTION expression .)


state 22

    (1) expression -> CAUSATIVE expression .

    $end            reduce using rule 1 (expression -> CAUSATIVE expression .)


state 23

    (2) expression -> PASSIVE expression .

    $end            reduce using rule 2 (expression -> PASSIVE expression .)


state 24

    (4) expression -> TERMINAL expression .

    $end            reduce using rule 4 (expression -> TERMINAL expression .)

